<?xml version="1.0" encoding="UTF-8" ?>
<testsuite tests="1" failures="0" name="TestRunners.TestRunner" time="10.447" errors="1" skipped="0">
  <properties>
[...]
</properties>
  <testcase classname="Login to Youtube search" name="Login to youtube" time="10.447">
    <error type="java.lang.NullPointerException">java.lang.NullPointerException
	at Page.YoutubePage.enterWebsite(YoutubePage.java:15)
	at stepdefinitions.youtubesearchsteps.OpenHomepage(youtubesearchsteps.java:31)
	at ✽.I open homepage(file:///C:/Users/6F83-VUTKR/IdeaProjects/BDDJava/Features/youtube.feature:5)
</error>
    <system-out>
Scenario: Login to youtube         # Features/youtube.feature:3
launching the browser
  Given Login to youtube           # stepdefinitions.youtubesearchsteps.launchBrowser()
  When I open homepage             # stepdefinitions.youtubesearchsteps.OpenHomepage()
      java.lang.NullPointerException
	at Page.YoutubePage.enterWebsite(YoutubePage.java:15)
	at stepdefinitions.youtubesearchsteps.OpenHomepage(youtubesearchsteps.java:31)
	at âœ½.I open homepage(file:///C:/Users/6F83-VUTKR/IdeaProjects/BDDJava/Features/youtube.feature:5)

  Then I verify the page displayed # stepdefinitions.youtubesearchsteps.PageIsDisplayed()
  Then Close the browser           # stepdefinitions.youtubesearchsteps.TeardownPage()
</system-out>
  </testcase>
</testsuite>